<?xml version="1.0" encoding="utf-8" ?>
<!DOCTYPE html PUBLIC "-//W3C//DTD XHTML 1.0 Strict//EN"
        "http://www.w3.org/TR/xhtml1/DTD/xhtml1-strict.dtd">
<html xmlns="http://www.w3.org/1999/xhtml" xml:lang="" lang="">
<head>
  <title>Test Results Report - Regression Test</title>
  <meta http-equiv="Content-Type" content="text/html;charset=utf-8" />
  <meta name="description" content="TestNG unit test results." />
  <link href="reportng.css" rel="stylesheet" type="text/css" />
    <script type="text/javascript" src="reportng.js"></script>
</head>
<body>
<h1>Regression Test</h1>
<p>
  Test duration: 364.351s
</p>



  <table class="resultsTable">
    <tr><th colspan="3" class="header failed">Failed Tests</th></tr>
          <tr>
        <td colspan="3" class="group">com.tutorialsninja.testsuite.DesktopsTest</td>
      </tr>
            
<tr>
  <td class="method">
                  verifyProductAddedToShoppingCartSuccessFully
      </td>
  <td class="duration">
    55.942s
  </td>
  <td class="result">
        
    
            <div class="testOutput">
                        Clicking on Show all Desktops[[ChromeDriver: chrome on WINDOWS (ff8214f39119915281336d3cac539767)] -&gt; xpath: //a[normalize-space()=&apos;Show AllDesktops&apos;]]<br />
                                select A to Zfrom[[ChromeDriver: chrome on WINDOWS (ff8214f39119915281336d3cac539767)] -&gt; id: input-sort]<br />
                                Clicking on product HPLP3065 [[ChromeDriver: chrome on WINDOWS (ff8214f39119915281336d3cac539767)] -&gt; xpath: //a[contains(text(),&apos;HP LP3065&apos;)]]<br />
                                Getting HPLP3065 text [[ChromeDriver: chrome on WINDOWS (ff8214f39119915281336d3cac539767)] -&gt; xpath: //h1[contains(text(),&apos;HP LP3065&apos;)]]<br />
                                clearing current quantity and adding the specified amount<br />
                                Clicking on add to cart Button [[ChromeDriver: chrome on WINDOWS (ff8214f39119915281336d3cac539767)] -&gt; xpath: //button[@id=&apos;button-cart&apos;]]<br />
                                Verifying if success message contains Success: You have added HP LP3065 to your shopping cart!<br />
                  </div>
    

        <a href="javascript:toggleElement('exception-0', 'block')" title="Click to expand/collapse"><b>org.openqa.selenium.NoSuchElementException: no such element: Unable to locate element: {&quot;method&quot;:&quot;css selector&quot;,&quot;selector&quot;:&quot;body:nth-child(2) div.container:nth-child(4) &gt; div.alert.alert-success.alert-dismissible&quot;}<br/>
&nbsp; (Session info: chrome=113.0.5672.63)<br/>
For documentation on this error, please visit: https://selenium.dev/exceptions/#no_such_element<br/>
Build info: version: &apos;4.9.0&apos;, revision: &apos;d7057100a6&apos;<br/>
System info: os.name: &apos;Windows 10&apos;, os.arch: &apos;amd64&apos;, os.version: &apos;10.0&apos;, java.version: &apos;1.8.0_121&apos;<br/>
Driver info: org.openqa.selenium.chrome.ChromeDriver<br/>
Command: [ff8214f39119915281336d3cac539767, findElement {using=css selector, value=body:nth-child(2) div.container:nth-child(4) &gt; div.alert.alert-success.alert-dismissible}]<br/>
Capabilities {acceptInsecureCerts: false, browserName: chrome, browserVersion: 113.0.5672.63, chrome: {chromedriverVersion: 113.0.5672.63 (0e1a4471d5ae..., userDataDir: C:\Users\ACER\AppData\Local...}, goog:chromeOptions: {debuggerAddress: localhost:63200}, networkConnectionEnabled: false, pageLoadStrategy: normal, platformName: WINDOWS, proxy: Proxy(), se:cdp: ws://localhost:63200/devtoo..., se:cdpVersion: 113.0.5672.63, setWindowRect: true, strictFileInteractability: false, timeouts: {implicit: 0, pageLoad: 300000, script: 30000}, unhandledPromptBehavior: dismiss and notify, webauthn:extension:credBlob: true, webauthn:extension:largeBlob: true, webauthn:extension:minPinLength: true, webauthn:extension:prf: true, webauthn:virtualAuthenticators: true}<br/>
Session ID: ff8214f39119915281336d3cac539767</b></a><br />
    <div class="stackTrace" id="exception-0">
              sun.reflect.NativeConstructorAccessorImpl.newInstance0(Native Method)<br />
              sun.reflect.NativeConstructorAccessorImpl.newInstance(NativeConstructorAccessorImpl.java:62)<br />
              sun.reflect.DelegatingConstructorAccessorImpl.newInstance(DelegatingConstructorAccessorImpl.java:45)<br />
              java.lang.reflect.Constructor.newInstance(Constructor.java:423)<br />
              org.openqa.selenium.remote.codec.w3c.W3CHttpResponseCodec.createException(W3CHttpResponseCodec.java:200)<br />
              org.openqa.selenium.remote.codec.w3c.W3CHttpResponseCodec.decode(W3CHttpResponseCodec.java:133)<br />
              org.openqa.selenium.remote.codec.w3c.W3CHttpResponseCodec.decode(W3CHttpResponseCodec.java:53)<br />
              org.openqa.selenium.remote.HttpCommandExecutor.execute(HttpCommandExecutor.java:193)<br />
              org.openqa.selenium.remote.service.DriverCommandExecutor.invokeExecute(DriverCommandExecutor.java:183)<br />
              org.openqa.selenium.remote.service.DriverCommandExecutor.execute(DriverCommandExecutor.java:158)<br />
              org.openqa.selenium.remote.RemoteWebDriver.execute(RemoteWebDriver.java:543)<br />
              org.openqa.selenium.remote.ElementLocation$ElementFinder$2.findElement(ElementLocation.java:162)<br />
              org.openqa.selenium.remote.ElementLocation.findElement(ElementLocation.java:60)<br />
              org.openqa.selenium.remote.RemoteWebDriver.findElement(RemoteWebDriver.java:352)<br />
              org.openqa.selenium.remote.RemoteWebDriver.findElement(RemoteWebDriver.java:344)<br />
              org.openqa.selenium.support.pagefactory.DefaultElementLocator.findElement(DefaultElementLocator.java:70)<br />
              org.openqa.selenium.support.pagefactory.internal.LocatingElementHandler.invoke(LocatingElementHandler.java:39)<br />
              com.sun.proxy.$Proxy17.getText(Unknown Source)<br />
              com.tutorialsninja.utility.Utility.getTextFromElement(Utility.java:64)<br />
              com.tutorialsninja.pages.ProductPage.isSuccessMessageAppearing(ProductPage.java:85)<br />
              com.tutorialsninja.testsuite.DesktopsTest.verifyProductAddedToShoppingCartSuccessFully(DesktopsTest.java:57)<br />
              sun.reflect.NativeMethodAccessorImpl.invoke0(Native Method)<br />
              sun.reflect.NativeMethodAccessorImpl.invoke(NativeMethodAccessorImpl.java:62)<br />
              sun.reflect.DelegatingMethodAccessorImpl.invoke(DelegatingMethodAccessorImpl.java:43)<br />
              java.lang.reflect.Method.invoke(Method.java:498)<br />
              org.testng.internal.invokers.MethodInvocationHelper.invokeMethod(MethodInvocationHelper.java:135)<br />
              org.testng.internal.invokers.TestInvoker.invokeMethod(TestInvoker.java:673)<br />
              org.testng.internal.invokers.TestInvoker.invokeTestMethod(TestInvoker.java:220)<br />
              org.testng.internal.invokers.MethodRunner.runInSequence(MethodRunner.java:50)<br />
              org.testng.internal.invokers.TestInvoker$MethodInvocationAgent.invoke(TestInvoker.java:945)<br />
              org.testng.internal.invokers.TestInvoker.invokeTestMethods(TestInvoker.java:193)<br />
              org.testng.internal.invokers.TestMethodWorker.invokeTestMethods(TestMethodWorker.java:146)<br />
              org.testng.internal.invokers.TestMethodWorker.run(TestMethodWorker.java:128)<br />
              java.util.ArrayList.forEach(ArrayList.java:1249)<br />
              org.testng.TestRunner.privateRun(TestRunner.java:808)<br />
              org.testng.TestRunner.run(TestRunner.java:603)<br />
              org.testng.SuiteRunner.runTest(SuiteRunner.java:429)<br />
              org.testng.SuiteRunner.runSequentially(SuiteRunner.java:423)<br />
              org.testng.SuiteRunner.privateRun(SuiteRunner.java:383)<br />
              org.testng.SuiteRunner.run(SuiteRunner.java:326)<br />
              org.testng.SuiteRunnerWorker.runSuite(SuiteRunnerWorker.java:52)<br />
              org.testng.SuiteRunnerWorker.run(SuiteRunnerWorker.java:95)<br />
              org.testng.TestNG.runSuitesSequentially(TestNG.java:1249)<br />
              org.testng.TestNG.runSuitesLocally(TestNG.java:1169)<br />
              org.testng.TestNG.runSuites(TestNG.java:1092)<br />
              org.testng.TestNG.run(TestNG.java:1060)<br />
              com.intellij.rt.testng.IDEARemoteTestNG.run(IDEARemoteTestNG.java:66)<br />
              com.intellij.rt.testng.RemoteTestNGStarter.main(RemoteTestNGStarter.java:109)<br />
                </div>
      </td>
</tr>
          <tr>
        <td colspan="3" class="group">com.tutorialsninja.testsuite.MyAccountsTest</td>
      </tr>
            
<tr>
  <td class="method">
                  verifyThatUserShouldLoginAndLogoutSuccessfully
      </td>
  <td class="duration">
    41.860s
  </td>
  <td class="result">
        
    
            <div class="testOutput">
                        Clicking on my account [[ChromeDriver: chrome on WINDOWS (7fe15163610b2a0e6df227e7feb2079a)] -&gt; xpath: //span[contains(text(),&apos;My Account&apos;)]]<br />
                                Enter emailjayhind1@gmail.comto&nbsp; field [[ChromeDriver: chrome on WINDOWS (7fe15163610b2a0e6df227e7feb2079a)] -&gt; name: email]<br />
                                Enter passwordHellonum1to field [[ChromeDriver: chrome on WINDOWS (7fe15163610b2a0e6df227e7feb2079a)] -&gt; name: password]<br />
                                Clicking on Login Button [[ChromeDriver: chrome on WINDOWS (7fe15163610b2a0e6df227e7feb2079a)] -&gt; xpath: //input[@value=&apos;Login&apos;]]<br />
                                Getting my account text Proxy element for: DefaultElementLocator &apos;By.xpath: //div[@id=&apos;content&apos;]/h2[text()=&apos;My Account&apos;]&apos;<br />
                  </div>
    

        <a href="javascript:toggleElement('exception-1', 'block')" title="Click to expand/collapse"><b>org.openqa.selenium.NoSuchElementException: no such element: Unable to locate element: {&quot;method&quot;:&quot;xpath&quot;,&quot;selector&quot;:&quot;//div[@id=&apos;content&apos;]/h2[text()=&apos;My Account&apos;]&quot;}<br/>
&nbsp; (Session info: chrome=113.0.5672.63)<br/>
For documentation on this error, please visit: https://selenium.dev/exceptions/#no_such_element<br/>
Build info: version: &apos;4.9.0&apos;, revision: &apos;d7057100a6&apos;<br/>
System info: os.name: &apos;Windows 10&apos;, os.arch: &apos;amd64&apos;, os.version: &apos;10.0&apos;, java.version: &apos;1.8.0_121&apos;<br/>
Driver info: org.openqa.selenium.chrome.ChromeDriver<br/>
Command: [7fe15163610b2a0e6df227e7feb2079a, findElement {using=xpath, value=//div[@id=&apos;content&apos;]/h2[text()=&apos;My Account&apos;]}]<br/>
Capabilities {acceptInsecureCerts: false, browserName: chrome, browserVersion: 113.0.5672.63, chrome: {chromedriverVersion: 113.0.5672.63 (0e1a4471d5ae..., userDataDir: C:\Users\ACER\AppData\Local...}, goog:chromeOptions: {debuggerAddress: localhost:63579}, networkConnectionEnabled: false, pageLoadStrategy: normal, platformName: WINDOWS, proxy: Proxy(), se:cdp: ws://localhost:63579/devtoo..., se:cdpVersion: 113.0.5672.63, setWindowRect: true, strictFileInteractability: false, timeouts: {implicit: 0, pageLoad: 300000, script: 30000}, unhandledPromptBehavior: dismiss and notify, webauthn:extension:credBlob: true, webauthn:extension:largeBlob: true, webauthn:extension:minPinLength: true, webauthn:extension:prf: true, webauthn:virtualAuthenticators: true}<br/>
Session ID: 7fe15163610b2a0e6df227e7feb2079a</b></a><br />
    <div class="stackTrace" id="exception-1">
              sun.reflect.NativeConstructorAccessorImpl.newInstance0(Native Method)<br />
              sun.reflect.NativeConstructorAccessorImpl.newInstance(NativeConstructorAccessorImpl.java:62)<br />
              sun.reflect.DelegatingConstructorAccessorImpl.newInstance(DelegatingConstructorAccessorImpl.java:45)<br />
              java.lang.reflect.Constructor.newInstance(Constructor.java:423)<br />
              org.openqa.selenium.remote.codec.w3c.W3CHttpResponseCodec.createException(W3CHttpResponseCodec.java:200)<br />
              org.openqa.selenium.remote.codec.w3c.W3CHttpResponseCodec.decode(W3CHttpResponseCodec.java:133)<br />
              org.openqa.selenium.remote.codec.w3c.W3CHttpResponseCodec.decode(W3CHttpResponseCodec.java:53)<br />
              org.openqa.selenium.remote.HttpCommandExecutor.execute(HttpCommandExecutor.java:193)<br />
              org.openqa.selenium.remote.service.DriverCommandExecutor.invokeExecute(DriverCommandExecutor.java:183)<br />
              org.openqa.selenium.remote.service.DriverCommandExecutor.execute(DriverCommandExecutor.java:158)<br />
              org.openqa.selenium.remote.RemoteWebDriver.execute(RemoteWebDriver.java:543)<br />
              org.openqa.selenium.remote.ElementLocation$ElementFinder$2.findElement(ElementLocation.java:162)<br />
              org.openqa.selenium.remote.ElementLocation.findElement(ElementLocation.java:60)<br />
              org.openqa.selenium.remote.RemoteWebDriver.findElement(RemoteWebDriver.java:352)<br />
              org.openqa.selenium.remote.RemoteWebDriver.findElement(RemoteWebDriver.java:344)<br />
              org.openqa.selenium.support.pagefactory.DefaultElementLocator.findElement(DefaultElementLocator.java:70)<br />
              org.openqa.selenium.support.pagefactory.internal.LocatingElementHandler.invoke(LocatingElementHandler.java:39)<br />
              com.sun.proxy.$Proxy17.getText(Unknown Source)<br />
              com.tutorialsninja.utility.Utility.getTextFromElement(Utility.java:64)<br />
              com.tutorialsninja.pages.AccountPage.getMyAccountText(AccountPage.java:56)<br />
              com.tutorialsninja.testsuite.MyAccountsTest.verifyThatUserShouldLoginAndLogoutSuccessfully(MyAccountsTest.java:104)<br />
              sun.reflect.NativeMethodAccessorImpl.invoke0(Native Method)<br />
              sun.reflect.NativeMethodAccessorImpl.invoke(NativeMethodAccessorImpl.java:62)<br />
              sun.reflect.DelegatingMethodAccessorImpl.invoke(DelegatingMethodAccessorImpl.java:43)<br />
              java.lang.reflect.Method.invoke(Method.java:498)<br />
              org.testng.internal.invokers.MethodInvocationHelper.invokeMethod(MethodInvocationHelper.java:135)<br />
              org.testng.internal.invokers.TestInvoker.invokeMethod(TestInvoker.java:673)<br />
              org.testng.internal.invokers.TestInvoker.invokeTestMethod(TestInvoker.java:220)<br />
              org.testng.internal.invokers.MethodRunner.runInSequence(MethodRunner.java:50)<br />
              org.testng.internal.invokers.TestInvoker$MethodInvocationAgent.invoke(TestInvoker.java:945)<br />
              org.testng.internal.invokers.TestInvoker.invokeTestMethods(TestInvoker.java:193)<br />
              org.testng.internal.invokers.TestMethodWorker.invokeTestMethods(TestMethodWorker.java:146)<br />
              org.testng.internal.invokers.TestMethodWorker.run(TestMethodWorker.java:128)<br />
              java.util.ArrayList.forEach(ArrayList.java:1249)<br />
              org.testng.TestRunner.privateRun(TestRunner.java:808)<br />
              org.testng.TestRunner.run(TestRunner.java:603)<br />
              org.testng.SuiteRunner.runTest(SuiteRunner.java:429)<br />
              org.testng.SuiteRunner.runSequentially(SuiteRunner.java:423)<br />
              org.testng.SuiteRunner.privateRun(SuiteRunner.java:383)<br />
              org.testng.SuiteRunner.run(SuiteRunner.java:326)<br />
              org.testng.SuiteRunnerWorker.runSuite(SuiteRunnerWorker.java:52)<br />
              org.testng.SuiteRunnerWorker.run(SuiteRunnerWorker.java:95)<br />
              org.testng.TestNG.runSuitesSequentially(TestNG.java:1249)<br />
              org.testng.TestNG.runSuitesLocally(TestNG.java:1169)<br />
              org.testng.TestNG.runSuites(TestNG.java:1092)<br />
              org.testng.TestNG.run(TestNG.java:1060)<br />
              com.intellij.rt.testng.IDEARemoteTestNG.run(IDEARemoteTestNG.java:66)<br />
              com.intellij.rt.testng.RemoteTestNGStarter.main(RemoteTestNGStarter.java:109)<br />
                </div>
      </td>
</tr>
      </table>


  <table class="resultsTable">
    <tr><th colspan="3" class="header passed">Passed Tests</th></tr>
          <tr>
        <td colspan="3" class="group">com.tutorialsninja.testsuite.DesktopsTest</td>
      </tr>
            
<tr>
  <td class="method">
                  verifyProductArrangeInAlphabeticalOrder
      </td>
  <td class="duration">
    5.919s
  </td>
  <td class="result">
        
    
            <div class="testOutput">
                        Hovering and Clicking on desktop [[ChromeDriver: chrome on WINDOWS (5e824d42a1b314180bb00fe9eb266714)] -&gt; link text: Desktops]<br />
                                Clicking on Show all Desktops[[ChromeDriver: chrome on WINDOWS (5e824d42a1b314180bb00fe9eb266714)] -&gt; xpath: //a[normalize-space()=&apos;Show AllDesktops&apos;]]<br />
                                Clicking on sort by button [[ChromeDriver: chrome on WINDOWS (5e824d42a1b314180bb00fe9eb266714)] -&gt; id: input-sort]<br />
                                selectName (Z - A)from[[ChromeDriver: chrome on WINDOWS (5e824d42a1b314180bb00fe9eb266714)] -&gt; id: input-sort]<br />
                  </div>
    

      </td>
</tr>
          <tr>
        <td colspan="3" class="group">com.tutorialsninja.testsuite.LaptopsAndNotebooksTest</td>
      </tr>
            
<tr>
  <td class="method">
                  verifyProductsPriceDisplayHighToLowSuccessfully
      </td>
  <td class="duration">
    5.364s
  </td>
  <td class="result">
        
    
            <div class="testOutput">
                        Hovering and Clicking on laptops and notebooks [[ChromeDriver: chrome on WINDOWS (43bca1ce7c80159151a7e2345d573c9b)] -&gt; link text: Laptops &amp; Notebooks]<br />
                                Clicking on Show all Desktops[[ChromeDriver: chrome on WINDOWS (43bca1ce7c80159151a7e2345d573c9b)] -&gt; xpath: //a[normalize-space()=&apos;Show AllLaptops &amp; Notebooks&apos;]]<br />
                                selecting Price (High &gt; Low)<br />
                  </div>
    

      </td>
</tr>
<tr>
  <td class="method">
                  verifyThatUserPlaceOrderSuccessfully
      </td>
  <td class="duration">
    20.444s
  </td>
  <td class="result">
        
    
            <div class="testOutput">
                        Clicking on Show all Desktops[[ChromeDriver: chrome on WINDOWS (7f4217856e1c1ad9ca9a46ec22e9e5df)] -&gt; xpath: //a[normalize-space()=&apos;Show AllLaptops &amp; Notebooks&apos;]]<br />
                                selecting Price (High &gt; Low)<br />
                                Clicking on macbook [[ChromeDriver: chrome on WINDOWS (7f4217856e1c1ad9ca9a46ec22e9e5df)] -&gt; link text: MacBook]<br />
                                Getting macbook text [[ChromeDriver: chrome on WINDOWS (7f4217856e1c1ad9ca9a46ec22e9e5df)] -&gt; xpath: //h1[contains(text(),&apos;MacBook&apos;)]]<br />
                                Clicking on add to cart Button [[ChromeDriver: chrome on WINDOWS (7f4217856e1c1ad9ca9a46ec22e9e5df)] -&gt; xpath: //button[@id=&apos;button-cart&apos;]]<br />
                                Verifying if success message contains Success: You have added MacBook to your shopping cart!<br />
                                Clicking on shopping cart [[ChromeDriver: chrome on WINDOWS (7f4217856e1c1ad9ca9a46ec22e9e5df)] -&gt; xpath: //div[@class=&apos;alert alert-success alert-dismissible&apos;]/a[2]]<br />
                                Verifying if success message contains Shopping Cart<br />
                                Verifying if success message contains Success: You have added HP LP3065 to your shopping cart!<br />
                                Clicking on checkout Button [[ChromeDriver: chrome on WINDOWS (7f4217856e1c1ad9ca9a46ec22e9e5df)] -&gt; css selector: a.btn.btn-primary]<br />
                                Getting checkout text [[ChromeDriver: chrome on WINDOWS (7f4217856e1c1ad9ca9a46ec22e9e5df)] -&gt; xpath: //h1[contains(text(),&apos;Checkout&apos;)]]<br />
                                Getting new customer text [[ChromeDriver: chrome on WINDOWS (7f4217856e1c1ad9ca9a46ec22e9e5df)] -&gt; xpath: //h2[contains(text(),&apos;New Customer&apos;)]]<br />
                                Clicking on radio button [[ChromeDriver: chrome on WINDOWS (7f4217856e1c1ad9ca9a46ec22e9e5df)] -&gt; xpath: //div[@id=&apos;checkout-checkout&apos;]//input[@value=&apos;guest&apos;]]<br />
                                Clicking on continue button [[ChromeDriver: chrome on WINDOWS (7f4217856e1c1ad9ca9a46ec22e9e5df)] -&gt; xpath: //input[@id=&apos;button-account&apos;]]<br />
                                Enter nameNarendrato first name field [[ChromeDriver: chrome on WINDOWS (7f4217856e1c1ad9ca9a46ec22e9e5df)] -&gt; id: input-payment-firstname]<br />
                                Enter nameModito last name field [[ChromeDriver: chrome on WINDOWS (7f4217856e1c1ad9ca9a46ec22e9e5df)] -&gt; id: input-payment-lastname]<br />
                                Enter emailModimG7k@gmail.comto email field [[ChromeDriver: chrome on WINDOWS (7f4217856e1c1ad9ca9a46ec22e9e5df)] -&gt; id: input-payment-email]<br />
                                Enter telephone07654321234to field [[ChromeDriver: chrome on WINDOWS (7f4217856e1c1ad9ca9a46ec22e9e5df)] -&gt; id: input-payment-telephone]<br />
                                Enter address10 Pinner Roadto field [[ChromeDriver: chrome on WINDOWS (7f4217856e1c1ad9ca9a46ec22e9e5df)] -&gt; id: input-payment-address-1]<br />
                                Enter cityHarrowto field [[ChromeDriver: chrome on WINDOWS (7f4217856e1c1ad9ca9a46ec22e9e5df)] -&gt; id: input-payment-city]<br />
                                Enter psotcodeHA41SYto field [[ChromeDriver: chrome on WINDOWS (7f4217856e1c1ad9ca9a46ec22e9e5df)] -&gt; id: input-payment-postcode]<br />
                                Enter countryUnited Kingdomto field [[ChromeDriver: chrome on WINDOWS (7f4217856e1c1ad9ca9a46ec22e9e5df)] -&gt; id: input-payment-country]<br />
                                Enter regionAberdeento field [[ChromeDriver: chrome on WINDOWS (7f4217856e1c1ad9ca9a46ec22e9e5df)] -&gt; id: input-payment-zone]<br />
                                Clicking on radio button [[ChromeDriver: chrome on WINDOWS (7f4217856e1c1ad9ca9a46ec22e9e5df)] -&gt; xpath: //div[@id=&apos;checkout-checkout&apos;]//input[@value=&apos;guest&apos;]]<br />
                                Enter commentNothing Specific.to field [[ChromeDriver: chrome on WINDOWS (7f4217856e1c1ad9ca9a46ec22e9e5df)] -&gt; name: comment]<br />
                                Clicking on terms and conditions box [[ChromeDriver: chrome on WINDOWS (7f4217856e1c1ad9ca9a46ec22e9e5df)] -&gt; name: agree]<br />
                                Clicking on radio button [[ChromeDriver: chrome on WINDOWS (7f4217856e1c1ad9ca9a46ec22e9e5df)] -&gt; xpath: //div[@id=&apos;checkout-checkout&apos;]//input[@value=&apos;guest&apos;]]<br />
                                Getting status of payment warning [[ChromeDriver: chrome on WINDOWS (7f4217856e1c1ad9ca9a46ec22e9e5df)] -&gt; xpath: //div[@class=&apos;alert alert-danger alert-dismissible&apos;]]<br />
                  </div>
    

      </td>
</tr>
          <tr>
        <td colspan="3" class="group">com.tutorialsninja.testsuite.MyAccountsTest</td>
      </tr>
            
<tr>
  <td class="method">
                  verifyThatUserRegisterAccountSuccessfully
      </td>
  <td class="duration">
    26.878s
  </td>
  <td class="result">
        
    
            <div class="testOutput">
                        Clicking on my account [[ChromeDriver: chrome on WINDOWS (943450eafe56e0b2775409a6fc2668e9)] -&gt; xpath: //span[contains(text(),&apos;My Account&apos;)]]<br />
                                Enter first nameNarendrato field [[ChromeDriver: chrome on WINDOWS (943450eafe56e0b2775409a6fc2668e9)] -&gt; name: firstname]<br />
                                Enter last nameModito field [[ChromeDriver: chrome on WINDOWS (943450eafe56e0b2775409a6fc2668e9)] -&gt; name: lastname]<br />
                                Enter emailmodito email field [[ChromeDriver: chrome on WINDOWS (943450eafe56e0b2775409a6fc2668e9)] -&gt; name: email]<br />
                                Enter telephone07654345678to field [[ChromeDriver: chrome on WINDOWS (943450eafe56e0b2775409a6fc2668e9)] -&gt; name: telephone]<br />
                                Enter passwordHellonum1to field [[ChromeDriver: chrome on WINDOWS (943450eafe56e0b2775409a6fc2668e9)] -&gt; name: password]<br />
                                Enter emailHellonum1to email field [[ChromeDriver: chrome on WINDOWS (943450eafe56e0b2775409a6fc2668e9)] -&gt; name: confirm]<br />
                                Clicking on subscribe [[ChromeDriver: chrome on WINDOWS (943450eafe56e0b2775409a6fc2668e9)] -&gt; name: newsletter]<br />
                                Clicking on privacy policy [[ChromeDriver: chrome on WINDOWS (943450eafe56e0b2775409a6fc2668e9)] -&gt; name: agree]<br />
                                Clicking on continue [[ChromeDriver: chrome on WINDOWS (943450eafe56e0b2775409a6fc2668e9)] -&gt; xpath: //input[@type=&apos;submit&apos;]]<br />
                                Getting account creation text [[ChromeDriver: chrome on WINDOWS (943450eafe56e0b2775409a6fc2668e9)] -&gt; xpath: //div[@id=&apos;content&apos;]/h1]<br />
                                Clicking on continue after account button [[ChromeDriver: chrome on WINDOWS (943450eafe56e0b2775409a6fc2668e9)] -&gt; xpath: //a[text()=&apos;Continue&apos;]]<br />
                                Clicking on my account Button [[ChromeDriver: chrome on WINDOWS (943450eafe56e0b2775409a6fc2668e9)] -&gt; xpath: //a[@title=&apos;My Account&apos;]]<br />
                                Getting logout text [[ChromeDriver: chrome on WINDOWS (943450eafe56e0b2775409a6fc2668e9)] -&gt; xpath: //h1[contains(text(),&apos;Account Logout&apos;)]]<br />
                                Clicking on my continue after Button [[ChromeDriver: chrome on WINDOWS (943450eafe56e0b2775409a6fc2668e9)] -&gt; xpath: //a[@class=&apos;btn btn-primary&apos;]]<br />
                  </div>
    

      </td>
</tr>
<tr>
  <td class="method">
                  verifyUserShouldNavigateToLoginPageSuccessfully
      </td>
  <td class="duration">
    0.793s
  </td>
  <td class="result">
        
    
            <div class="testOutput">
                        Clicking on my account [[ChromeDriver: chrome on WINDOWS (700ac006f0e8b32a1064f0c76407177f)] -&gt; xpath: //span[contains(text(),&apos;My Account&apos;)]]<br />
                                Getting login account text [[ChromeDriver: chrome on WINDOWS (700ac006f0e8b32a1064f0c76407177f)] -&gt; xpath: //h2[contains(text(),&apos;Returning Customer&apos;)]]<br />
                  </div>
    

      </td>
</tr>
<tr>
  <td class="method">
                  verifyUserShouldNavigateToRegisterPageSuccessfully
      </td>
  <td class="duration">
    21.398s
  </td>
  <td class="result">
        
    
            <div class="testOutput">
                        Clicking on my account [[ChromeDriver: chrome on WINDOWS (b3404b4a174df0a93d5670d6ddd66050)] -&gt; xpath: //span[contains(text(),&apos;My Account&apos;)]]<br />
                                Getting register account text [[ChromeDriver: chrome on WINDOWS (b3404b4a174df0a93d5670d6ddd66050)] -&gt; xpath: //h1[contains(text(),&apos;Register Account&apos;)]]<br />
                  </div>
    

      </td>
</tr>
          <tr>
        <td colspan="3" class="group">com.tutorialsninja.testsuite.TopMenuTest</td>
      </tr>
            
<tr>
  <td class="method">
                  verifyUserShouldNavigateToComponentsPageSuccessfully
      </td>
  <td class="duration">
    2.627s
  </td>
  <td class="result">
        
    
            <div class="testOutput">
                        Hovering and Clicking on components [[ChromeDriver: chrome on WINDOWS (e8ad7b47a3f140a0971dd2676c70b994)] -&gt; link text: Components]<br />
                                Clicking on Show all Desktops[[ChromeDriver: chrome on WINDOWS (e8ad7b47a3f140a0971dd2676c70b994)] -&gt; xpath: //a[normalize-space()=&apos;Show AllComponents&apos;]]<br />
                                Getting components text [[ChromeDriver: chrome on WINDOWS (e8ad7b47a3f140a0971dd2676c70b994)] -&gt; xpath: //h2[contains(text(),&apos;Components&apos;)]]<br />
                  </div>
    

      </td>
</tr>
<tr>
  <td class="method">
                  verifyUserShouldNavigateToDesktopsPageSuccessfully
      </td>
  <td class="duration">
    4.136s
  </td>
  <td class="result">
        
    
            <div class="testOutput">
                        Hovering and Clicking on desktop [[ChromeDriver: chrome on WINDOWS (35b657ca1a69da523fbd1c80a597e5c5)] -&gt; link text: Desktops]<br />
                                Clicking on Show all Desktops[[ChromeDriver: chrome on WINDOWS (35b657ca1a69da523fbd1c80a597e5c5)] -&gt; xpath: //a[normalize-space()=&apos;Show AllDesktops&apos;]]<br />
                                Getting desktop text [[ChromeDriver: chrome on WINDOWS (35b657ca1a69da523fbd1c80a597e5c5)] -&gt; xpath: //h2[contains(text(),&apos;Desktops&apos;)]]<br />
                  </div>
    

      </td>
</tr>
<tr>
  <td class="method">
                  verifyUserShouldNavigateToLaptopsAndNotebooksPageSuccessfully
      </td>
  <td class="duration">
    4.853s
  </td>
  <td class="result">
        
    
            <div class="testOutput">
                        Hovering and Clicking on laptops and notebooks [[ChromeDriver: chrome on WINDOWS (b3519f0a2a37350066eeb8a59602a189)] -&gt; link text: Laptops &amp; Notebooks]<br />
                                Clicking on Show all Desktops[[ChromeDriver: chrome on WINDOWS (b3519f0a2a37350066eeb8a59602a189)] -&gt; xpath: //a[normalize-space()=&apos;Show AllLaptops &amp; Notebooks&apos;]]<br />
                  </div>
    

      </td>
</tr>
      </table>
  
</body>
</html>
